[2026-01-08 06:56:44] laravel.EMERGENCY: Unable to create configured logger. Using emergency logger. {"exception":"[object] (InvalidArgumentException(code: 0): Log [] is not defined. at /home/runner/work/MyBooks/MyBooks/vendor/laravel/framework/src/Illuminate/Log/LogManager.php:212)
[stacktrace]
#0 /home/runner/work/MyBooks/MyBooks/vendor/laravel/framework/src/Illuminate/Log/LogManager.php(137): Illuminate\\Log\\LogManager->resolve()
#1 /home/runner/work/MyBooks/MyBooks/vendor/laravel/framework/src/Illuminate/Log/LogManager.php(124): Illuminate\\Log\\LogManager->get()
#2 /home/runner/work/MyBooks/MyBooks/vendor/laravel/framework/src/Illuminate/Log/LogManager.php(681): Illuminate\\Log\\LogManager->driver()
#3 /home/runner/work/MyBooks/MyBooks/vendor/laravel/framework/src/Illuminate/Foundation/Exceptions/Handler.php(317): Illuminate\\Log\\LogManager->error()
#4 /home/runner/work/MyBooks/MyBooks/vendor/laravel/framework/src/Illuminate/Foundation/Exceptions/Handler.php(278): Illuminate\\Foundation\\Exceptions\\Handler->reportThrowable()
#5 /home/runner/work/MyBooks/MyBooks/vendor/laravel/framework/src/Illuminate/Foundation/Console/Kernel.php(523): Illuminate\\Foundation\\Exceptions\\Handler->report()
#6 /home/runner/work/MyBooks/MyBooks/vendor/laravel/framework/src/Illuminate/Foundation/Console/Kernel.php(203): Illuminate\\Foundation\\Console\\Kernel->reportException()
#7 /home/runner/work/MyBooks/MyBooks/artisan(34): Illuminate\\Foundation\\Console\\Kernel->handle()
#8 {main}
"} 
[2026-01-08 06:56:44] laravel.ERROR: Unable to load the "app" configuration file. {"exception":"[object] (Exception(code: 0): Unable to load the \"app\" configuration file. at /home/runner/work/MyBooks/MyBooks/vendor/laravel/framework/src/Illuminate/Foundation/Bootstrap/LoadConfiguration.php:66)
[stacktrace]
#0 /home/runner/work/MyBooks/MyBooks/vendor/laravel/framework/src/Illuminate/Foundation/Bootstrap/LoadConfiguration.php(39): Illuminate\\Foundation\\Bootstrap\\LoadConfiguration->loadConfigurationFiles()
#1 /home/runner/work/MyBooks/MyBooks/vendor/laravel/framework/src/Illuminate/Foundation/Application.php(286): Illuminate\\Foundation\\Bootstrap\\LoadConfiguration->bootstrap()
#2 /home/runner/work/MyBooks/MyBooks/vendor/laravel/framework/src/Illuminate/Foundation/Console/Kernel.php(447): Illuminate\\Foundation\\Application->bootstrapWith()
#3 /home/runner/work/MyBooks/MyBooks/vendor/laravel/framework/src/Illuminate/Foundation/Console/Kernel.php(199): Illuminate\\Foundation\\Console\\Kernel->bootstrap()
#4 /home/runner/work/MyBooks/MyBooks/artisan(34): Illuminate\\Foundation\\Console\\Kernel->handle()
#5 {main}
"} 
[2026-01-08 06:57:10] laravel.EMERGENCY: Unable to create configured logger. Using emergency logger. {"exception":"[object] (InvalidArgumentException(code: 0): Log [] is not defined. at /home/runner/work/MyBooks/MyBooks/vendor/laravel/framework/src/Illuminate/Log/LogManager.php:212)
[stacktrace]
#0 /home/runner/work/MyBooks/MyBooks/vendor/laravel/framework/src/Illuminate/Log/LogManager.php(137): Illuminate\\Log\\LogManager->resolve()
#1 /home/runner/work/MyBooks/MyBooks/vendor/laravel/framework/src/Illuminate/Log/LogManager.php(124): Illuminate\\Log\\LogManager->get()
#2 /home/runner/work/MyBooks/MyBooks/vendor/laravel/framework/src/Illuminate/Log/LogManager.php(681): Illuminate\\Log\\LogManager->driver()
#3 /home/runner/work/MyBooks/MyBooks/vendor/laravel/framework/src/Illuminate/Foundation/Exceptions/Handler.php(317): Illuminate\\Log\\LogManager->error()
#4 /home/runner/work/MyBooks/MyBooks/vendor/laravel/framework/src/Illuminate/Foundation/Exceptions/Handler.php(278): Illuminate\\Foundation\\Exceptions\\Handler->reportThrowable()
#5 /home/runner/work/MyBooks/MyBooks/vendor/laravel/framework/src/Illuminate/Foundation/Console/Kernel.php(523): Illuminate\\Foundation\\Exceptions\\Handler->report()
#6 /home/runner/work/MyBooks/MyBooks/vendor/laravel/framework/src/Illuminate/Foundation/Console/Kernel.php(203): Illuminate\\Foundation\\Console\\Kernel->reportException()
#7 /home/runner/work/MyBooks/MyBooks/artisan(34): Illuminate\\Foundation\\Console\\Kernel->handle()
#8 {main}
"} 
[2026-01-08 06:57:10] laravel.ERROR: Unable to load the "app" configuration file. {"exception":"[object] (Exception(code: 0): Unable to load the \"app\" configuration file. at /home/runner/work/MyBooks/MyBooks/vendor/laravel/framework/src/Illuminate/Foundation/Bootstrap/LoadConfiguration.php:66)
[stacktrace]
#0 /home/runner/work/MyBooks/MyBooks/vendor/laravel/framework/src/Illuminate/Foundation/Bootstrap/LoadConfiguration.php(39): Illuminate\\Foundation\\Bootstrap\\LoadConfiguration->loadConfigurationFiles()
#1 /home/runner/work/MyBooks/MyBooks/vendor/laravel/framework/src/Illuminate/Foundation/Application.php(286): Illuminate\\Foundation\\Bootstrap\\LoadConfiguration->bootstrap()
#2 /home/runner/work/MyBooks/MyBooks/vendor/laravel/framework/src/Illuminate/Foundation/Console/Kernel.php(447): Illuminate\\Foundation\\Application->bootstrapWith()
#3 /home/runner/work/MyBooks/MyBooks/vendor/laravel/framework/src/Illuminate/Foundation/Console/Kernel.php(199): Illuminate\\Foundation\\Console\\Kernel->bootstrap()
#4 /home/runner/work/MyBooks/MyBooks/artisan(34): Illuminate\\Foundation\\Console\\Kernel->handle()
#5 {main}
"} 
[2026-01-08 06:57:33] laravel.EMERGENCY: Unable to create configured logger. Using emergency logger. {"exception":"[object] (InvalidArgumentException(code: 0): Log [] is not defined. at /home/runner/work/MyBooks/MyBooks/vendor/laravel/framework/src/Illuminate/Log/LogManager.php:212)
[stacktrace]
#0 /home/runner/work/MyBooks/MyBooks/vendor/laravel/framework/src/Illuminate/Log/LogManager.php(137): Illuminate\\Log\\LogManager->resolve()
#1 /home/runner/work/MyBooks/MyBooks/vendor/laravel/framework/src/Illuminate/Log/LogManager.php(124): Illuminate\\Log\\LogManager->get()
#2 /home/runner/work/MyBooks/MyBooks/vendor/laravel/framework/src/Illuminate/Log/LogManager.php(681): Illuminate\\Log\\LogManager->driver()
#3 /home/runner/work/MyBooks/MyBooks/vendor/laravel/framework/src/Illuminate/Foundation/Exceptions/Handler.php(317): Illuminate\\Log\\LogManager->error()
#4 /home/runner/work/MyBooks/MyBooks/vendor/laravel/framework/src/Illuminate/Foundation/Exceptions/Handler.php(278): Illuminate\\Foundation\\Exceptions\\Handler->reportThrowable()
#5 /home/runner/work/MyBooks/MyBooks/vendor/nunomaduro/collision/src/Adapters/Laravel/ExceptionHandler.php(46): Illuminate\\Foundation\\Exceptions\\Handler->report()
#6 /home/runner/work/MyBooks/MyBooks/vendor/laravel/framework/src/Illuminate/Foundation/Console/Kernel.php(523): NunoMaduro\\Collision\\Adapters\\Laravel\\ExceptionHandler->report()
#7 /home/runner/work/MyBooks/MyBooks/vendor/laravel/framework/src/Illuminate/Foundation/Console/Kernel.php(203): Illuminate\\Foundation\\Console\\Kernel->reportException()
#8 /home/runner/work/MyBooks/MyBooks/artisan(34): Illuminate\\Foundation\\Console\\Kernel->handle()
#9 {main}
"} 
[2026-01-08 06:57:33] laravel.ERROR: require(/home/runner/work/MyBooks/MyBooks/routes/channels.php): Failed to open stream: No such file or directory {"exception":"[object] (ErrorException(code: 0): require(/home/runner/work/MyBooks/MyBooks/routes/channels.php): Failed to open stream: No such file or directory at /home/runner/work/MyBooks/MyBooks/app/Providers/BroadcastServiceProvider.php:17)
[stacktrace]
#0 /home/runner/work/MyBooks/MyBooks/vendor/laravel/framework/src/Illuminate/Foundation/Bootstrap/HandleExceptions.php(255): Illuminate\\Foundation\\Bootstrap\\HandleExceptions->handleError()
#1 /home/runner/work/MyBooks/MyBooks/app/Providers/BroadcastServiceProvider.php(17): Illuminate\\Foundation\\Bootstrap\\HandleExceptions->Illuminate\\Foundation\\Bootstrap\\{closure}()
#2 /home/runner/work/MyBooks/MyBooks/app/Providers/BroadcastServiceProvider.php(17): require('...')
#3 /home/runner/work/MyBooks/MyBooks/vendor/laravel/framework/src/Illuminate/Container/BoundMethod.php(36): App\\Providers\\BroadcastServiceProvider->boot()
#4 /home/runner/work/MyBooks/MyBooks/vendor/laravel/framework/src/Illuminate/Container/Util.php(41): Illuminate\\Container\\BoundMethod::Illuminate\\Container\\{closure}()
#5 /home/runner/work/MyBooks/MyBooks/vendor/laravel/framework/src/Illuminate/Container/BoundMethod.php(93): Illuminate\\Container\\Util::unwrapIfClosure()
#6 /home/runner/work/MyBooks/MyBooks/vendor/laravel/framework/src/Illuminate/Container/BoundMethod.php(35): Illuminate\\Container\\BoundMethod::callBoundMethod()
#7 /home/runner/work/MyBooks/MyBooks/vendor/laravel/framework/src/Illuminate/Container/Container.php(662): Illuminate\\Container\\BoundMethod::call()
#8 /home/runner/work/MyBooks/MyBooks/vendor/laravel/framework/src/Illuminate/Foundation/Application.php(1059): Illuminate\\Container\\Container->call()
#9 /home/runner/work/MyBooks/MyBooks/vendor/laravel/framework/src/Illuminate/Foundation/Application.php(1040): Illuminate\\Foundation\\Application->bootProvider()
#10 [internal function]: Illuminate\\Foundation\\Application->Illuminate\\Foundation\\{closure}()
#11 /home/runner/work/MyBooks/MyBooks/vendor/laravel/framework/src/Illuminate/Foundation/Application.php(1039): array_walk()
#12 /home/runner/work/MyBooks/MyBooks/vendor/laravel/framework/src/Illuminate/Foundation/Bootstrap/BootProviders.php(17): Illuminate\\Foundation\\Application->boot()
#13 /home/runner/work/MyBooks/MyBooks/vendor/laravel/framework/src/Illuminate/Foundation/Application.php(286): Illuminate\\Foundation\\Bootstrap\\BootProviders->bootstrap()
#14 /home/runner/work/MyBooks/MyBooks/vendor/laravel/framework/src/Illuminate/Foundation/Console/Kernel.php(447): Illuminate\\Foundation\\Application->bootstrapWith()
#15 /home/runner/work/MyBooks/MyBooks/vendor/laravel/framework/src/Illuminate/Foundation/Console/Kernel.php(199): Illuminate\\Foundation\\Console\\Kernel->bootstrap()
#16 /home/runner/work/MyBooks/MyBooks/artisan(34): Illuminate\\Foundation\\Console\\Kernel->handle()
#17 {main}
"} 
[2026-01-08 06:57:40] laravel.EMERGENCY: Unable to create configured logger. Using emergency logger. {"exception":"[object] (InvalidArgumentException(code: 0): Log [] is not defined. at /home/runner/work/MyBooks/MyBooks/vendor/laravel/framework/src/Illuminate/Log/LogManager.php:212)
[stacktrace]
#0 /home/runner/work/MyBooks/MyBooks/vendor/laravel/framework/src/Illuminate/Log/LogManager.php(137): Illuminate\\Log\\LogManager->resolve()
#1 /home/runner/work/MyBooks/MyBooks/vendor/laravel/framework/src/Illuminate/Log/LogManager.php(124): Illuminate\\Log\\LogManager->get()
#2 /home/runner/work/MyBooks/MyBooks/vendor/laravel/framework/src/Illuminate/Log/LogManager.php(681): Illuminate\\Log\\LogManager->driver()
#3 /home/runner/work/MyBooks/MyBooks/vendor/laravel/framework/src/Illuminate/Foundation/Exceptions/Handler.php(317): Illuminate\\Log\\LogManager->error()
#4 /home/runner/work/MyBooks/MyBooks/vendor/laravel/framework/src/Illuminate/Foundation/Exceptions/Handler.php(278): Illuminate\\Foundation\\Exceptions\\Handler->reportThrowable()
#5 /home/runner/work/MyBooks/MyBooks/vendor/nunomaduro/collision/src/Adapters/Laravel/ExceptionHandler.php(46): Illuminate\\Foundation\\Exceptions\\Handler->report()
#6 /home/runner/work/MyBooks/MyBooks/vendor/laravel/framework/src/Illuminate/Foundation/Console/Kernel.php(523): NunoMaduro\\Collision\\Adapters\\Laravel\\ExceptionHandler->report()
#7 /home/runner/work/MyBooks/MyBooks/vendor/laravel/framework/src/Illuminate/Foundation/Console/Kernel.php(203): Illuminate\\Foundation\\Console\\Kernel->reportException()
#8 /home/runner/work/MyBooks/MyBooks/artisan(34): Illuminate\\Foundation\\Console\\Kernel->handle()
#9 {main}
"} 
[2026-01-08 06:57:40] laravel.ERROR: require(/home/runner/work/MyBooks/MyBooks/routes/channels.php): Failed to open stream: No such file or directory {"exception":"[object] (ErrorException(code: 0): require(/home/runner/work/MyBooks/MyBooks/routes/channels.php): Failed to open stream: No such file or directory at /home/runner/work/MyBooks/MyBooks/app/Providers/BroadcastServiceProvider.php:17)
[stacktrace]
#0 /home/runner/work/MyBooks/MyBooks/vendor/laravel/framework/src/Illuminate/Foundation/Bootstrap/HandleExceptions.php(255): Illuminate\\Foundation\\Bootstrap\\HandleExceptions->handleError()
#1 /home/runner/work/MyBooks/MyBooks/app/Providers/BroadcastServiceProvider.php(17): Illuminate\\Foundation\\Bootstrap\\HandleExceptions->Illuminate\\Foundation\\Bootstrap\\{closure}()
#2 /home/runner/work/MyBooks/MyBooks/app/Providers/BroadcastServiceProvider.php(17): require('...')
#3 /home/runner/work/MyBooks/MyBooks/vendor/laravel/framework/src/Illuminate/Container/BoundMethod.php(36): App\\Providers\\BroadcastServiceProvider->boot()
#4 /home/runner/work/MyBooks/MyBooks/vendor/laravel/framework/src/Illuminate/Container/Util.php(41): Illuminate\\Container\\BoundMethod::Illuminate\\Container\\{closure}()
#5 /home/runner/work/MyBooks/MyBooks/vendor/laravel/framework/src/Illuminate/Container/BoundMethod.php(93): Illuminate\\Container\\Util::unwrapIfClosure()
#6 /home/runner/work/MyBooks/MyBooks/vendor/laravel/framework/src/Illuminate/Container/BoundMethod.php(35): Illuminate\\Container\\BoundMethod::callBoundMethod()
#7 /home/runner/work/MyBooks/MyBooks/vendor/laravel/framework/src/Illuminate/Container/Container.php(662): Illuminate\\Container\\BoundMethod::call()
#8 /home/runner/work/MyBooks/MyBooks/vendor/laravel/framework/src/Illuminate/Foundation/Application.php(1059): Illuminate\\Container\\Container->call()
#9 /home/runner/work/MyBooks/MyBooks/vendor/laravel/framework/src/Illuminate/Foundation/Application.php(1040): Illuminate\\Foundation\\Application->bootProvider()
#10 [internal function]: Illuminate\\Foundation\\Application->Illuminate\\Foundation\\{closure}()
#11 /home/runner/work/MyBooks/MyBooks/vendor/laravel/framework/src/Illuminate/Foundation/Application.php(1039): array_walk()
#12 /home/runner/work/MyBooks/MyBooks/vendor/laravel/framework/src/Illuminate/Foundation/Bootstrap/BootProviders.php(17): Illuminate\\Foundation\\Application->boot()
#13 /home/runner/work/MyBooks/MyBooks/vendor/laravel/framework/src/Illuminate/Foundation/Application.php(286): Illuminate\\Foundation\\Bootstrap\\BootProviders->bootstrap()
#14 /home/runner/work/MyBooks/MyBooks/vendor/laravel/framework/src/Illuminate/Foundation/Console/Kernel.php(447): Illuminate\\Foundation\\Application->bootstrapWith()
#15 /home/runner/work/MyBooks/MyBooks/vendor/laravel/framework/src/Illuminate/Foundation/Console/Kernel.php(199): Illuminate\\Foundation\\Console\\Kernel->bootstrap()
#16 /home/runner/work/MyBooks/MyBooks/artisan(34): Illuminate\\Foundation\\Console\\Kernel->handle()
#17 {main}
"} 
[2026-01-08 06:57:58] laravel.EMERGENCY: Unable to create configured logger. Using emergency logger. {"exception":"[object] (InvalidArgumentException(code: 0): Log [] is not defined. at /home/runner/work/MyBooks/MyBooks/vendor/laravel/framework/src/Illuminate/Log/LogManager.php:212)
[stacktrace]
#0 /home/runner/work/MyBooks/MyBooks/vendor/laravel/framework/src/Illuminate/Log/LogManager.php(137): Illuminate\\Log\\LogManager->resolve()
#1 /home/runner/work/MyBooks/MyBooks/vendor/laravel/framework/src/Illuminate/Log/LogManager.php(124): Illuminate\\Log\\LogManager->get()
#2 /home/runner/work/MyBooks/MyBooks/vendor/laravel/framework/src/Illuminate/Log/LogManager.php(681): Illuminate\\Log\\LogManager->driver()
#3 /home/runner/work/MyBooks/MyBooks/vendor/laravel/framework/src/Illuminate/Foundation/Exceptions/Handler.php(317): Illuminate\\Log\\LogManager->error()
#4 /home/runner/work/MyBooks/MyBooks/vendor/laravel/framework/src/Illuminate/Foundation/Exceptions/Handler.php(278): Illuminate\\Foundation\\Exceptions\\Handler->reportThrowable()
#5 /home/runner/work/MyBooks/MyBooks/vendor/nunomaduro/collision/src/Adapters/Laravel/ExceptionHandler.php(46): Illuminate\\Foundation\\Exceptions\\Handler->report()
#6 /home/runner/work/MyBooks/MyBooks/vendor/laravel/framework/src/Illuminate/Foundation/Console/Kernel.php(523): NunoMaduro\\Collision\\Adapters\\Laravel\\ExceptionHandler->report()
#7 /home/runner/work/MyBooks/MyBooks/vendor/laravel/framework/src/Illuminate/Foundation/Console/Kernel.php(203): Illuminate\\Foundation\\Console\\Kernel->reportException()
#8 /home/runner/work/MyBooks/MyBooks/artisan(34): Illuminate\\Foundation\\Console\\Kernel->handle()
#9 {main}
"} 
[2026-01-08 06:57:58] laravel.ERROR: require(/home/runner/work/MyBooks/MyBooks/routes/auth.php): Failed to open stream: No such file or directory {"exception":"[object] (ErrorException(code: 0): require(/home/runner/work/MyBooks/MyBooks/routes/auth.php): Failed to open stream: No such file or directory at /home/runner/work/MyBooks/MyBooks/routes/web.php:31)
[stacktrace]
#0 /home/runner/work/MyBooks/MyBooks/vendor/laravel/framework/src/Illuminate/Foundation/Bootstrap/HandleExceptions.php(255): Illuminate\\Foundation\\Bootstrap\\HandleExceptions->handleError()
#1 /home/runner/work/MyBooks/MyBooks/routes/web.php(31): Illuminate\\Foundation\\Bootstrap\\HandleExceptions->Illuminate\\Foundation\\Bootstrap\\{closure}()
#2 /home/runner/work/MyBooks/MyBooks/routes/web.php(31): require('...')
#3 /home/runner/work/MyBooks/MyBooks/vendor/laravel/framework/src/Illuminate/Routing/RouteFileRegistrar.php(35): require('...')
#4 /home/runner/work/MyBooks/MyBooks/vendor/laravel/framework/src/Illuminate/Routing/Router.php(511): Illuminate\\Routing\\RouteFileRegistrar->register()
#5 /home/runner/work/MyBooks/MyBooks/vendor/laravel/framework/src/Illuminate/Routing/Router.php(465): Illuminate\\Routing\\Router->loadRoutes()
#6 /home/runner/work/MyBooks/MyBooks/vendor/laravel/framework/src/Illuminate/Routing/RouteRegistrar.php(194): Illuminate\\Routing\\Router->group()
#7 /home/runner/work/MyBooks/MyBooks/app/Providers/RouteServiceProvider.php(37): Illuminate\\Routing\\RouteRegistrar->group()
#8 /home/runner/work/MyBooks/MyBooks/vendor/laravel/framework/src/Illuminate/Container/BoundMethod.php(36): App\\Providers\\RouteServiceProvider->App\\Providers\\{closure}()
#9 /home/runner/work/MyBooks/MyBooks/vendor/laravel/framework/src/Illuminate/Container/Util.php(41): Illuminate\\Container\\BoundMethod::Illuminate\\Container\\{closure}()
#10 /home/runner/work/MyBooks/MyBooks/vendor/laravel/framework/src/Illuminate/Container/BoundMethod.php(81): Illuminate\\Container\\Util::unwrapIfClosure()
#11 /home/runner/work/MyBooks/MyBooks/vendor/laravel/framework/src/Illuminate/Container/BoundMethod.php(35): Illuminate\\Container\\BoundMethod::callBoundMethod()
#12 /home/runner/work/MyBooks/MyBooks/vendor/laravel/framework/src/Illuminate/Container/Container.php(662): Illuminate\\Container\\BoundMethod::call()
#13 /home/runner/work/MyBooks/MyBooks/vendor/laravel/framework/src/Illuminate/Foundation/Support/Providers/RouteServiceProvider.php(120): Illuminate\\Container\\Container->call()
#14 /home/runner/work/MyBooks/MyBooks/vendor/laravel/framework/src/Illuminate/Foundation/Support/Providers/RouteServiceProvider.php(45): Illuminate\\Foundation\\Support\\Providers\\RouteServiceProvider->loadRoutes()
#15 /home/runner/work/MyBooks/MyBooks/vendor/laravel/framework/src/Illuminate/Container/BoundMethod.php(36): Illuminate\\Foundation\\Support\\Providers\\RouteServiceProvider->Illuminate\\Foundation\\Support\\Providers\\{closure}()
#16 /home/runner/work/MyBooks/MyBooks/vendor/laravel/framework/src/Illuminate/Container/Util.php(41): Illuminate\\Container\\BoundMethod::Illuminate\\Container\\{closure}()
#17 /home/runner/work/MyBooks/MyBooks/vendor/laravel/framework/src/Illuminate/Container/BoundMethod.php(81): Illuminate\\Container\\Util::unwrapIfClosure()
#18 /home/runner/work/MyBooks/MyBooks/vendor/laravel/framework/src/Illuminate/Container/BoundMethod.php(35): Illuminate\\Container\\BoundMethod::callBoundMethod()
#19 /home/runner/work/MyBooks/MyBooks/vendor/laravel/framework/src/Illuminate/Container/Container.php(662): Illuminate\\Container\\BoundMethod::call()
#20 /home/runner/work/MyBooks/MyBooks/vendor/laravel/framework/src/Illuminate/Support/ServiceProvider.php(119): Illuminate\\Container\\Container->call()
#21 /home/runner/work/MyBooks/MyBooks/vendor/laravel/framework/src/Illuminate/Foundation/Application.php(1062): Illuminate\\Support\\ServiceProvider->callBootedCallbacks()
#22 /home/runner/work/MyBooks/MyBooks/vendor/laravel/framework/src/Illuminate/Foundation/Application.php(1040): Illuminate\\Foundation\\Application->bootProvider()
#23 [internal function]: Illuminate\\Foundation\\Application->Illuminate\\Foundation\\{closure}()
#24 /home/runner/work/MyBooks/MyBooks/vendor/laravel/framework/src/Illuminate/Foundation/Application.php(1039): array_walk()
#25 /home/runner/work/MyBooks/MyBooks/vendor/laravel/framework/src/Illuminate/Foundation/Bootstrap/BootProviders.php(17): Illuminate\\Foundation\\Application->boot()
#26 /home/runner/work/MyBooks/MyBooks/vendor/laravel/framework/src/Illuminate/Foundation/Application.php(286): Illuminate\\Foundation\\Bootstrap\\BootProviders->bootstrap()
#27 /home/runner/work/MyBooks/MyBooks/vendor/laravel/framework/src/Illuminate/Foundation/Console/Kernel.php(447): Illuminate\\Foundation\\Application->bootstrapWith()
#28 /home/runner/work/MyBooks/MyBooks/vendor/laravel/framework/src/Illuminate/Foundation/Console/Kernel.php(199): Illuminate\\Foundation\\Console\\Kernel->bootstrap()
#29 /home/runner/work/MyBooks/MyBooks/artisan(34): Illuminate\\Foundation\\Console\\Kernel->handle()
#30 {main}
"} 
[2026-01-08 06:58:57] production.ERROR: Call to undefined function str_slug() {"exception":"[object] (Error(code: 0): Call to undefined function str_slug() at /home/runner/work/MyBooks/MyBooks/config/session.php:14)
[stacktrace]
#0 /home/runner/work/MyBooks/MyBooks/vendor/laravel/framework/src/Illuminate/Foundation/Bootstrap/LoadConfiguration.php(70): require()
#1 /home/runner/work/MyBooks/MyBooks/vendor/laravel/framework/src/Illuminate/Foundation/Bootstrap/LoadConfiguration.php(39): Illuminate\\Foundation\\Bootstrap\\LoadConfiguration->loadConfigurationFiles()
#2 /home/runner/work/MyBooks/MyBooks/vendor/laravel/framework/src/Illuminate/Foundation/Application.php(286): Illuminate\\Foundation\\Bootstrap\\LoadConfiguration->bootstrap()
#3 /home/runner/work/MyBooks/MyBooks/vendor/laravel/framework/src/Illuminate/Foundation/Console/Kernel.php(447): Illuminate\\Foundation\\Application->bootstrapWith()
#4 /home/runner/work/MyBooks/MyBooks/vendor/laravel/framework/src/Illuminate/Foundation/Console/Kernel.php(199): Illuminate\\Foundation\\Console\\Kernel->bootstrap()
#5 /home/runner/work/MyBooks/MyBooks/artisan(34): Illuminate\\Foundation\\Console\\Kernel->handle()
#6 {main}
"} 
[2026-01-08 06:59:12] local.ERROR: Invalid route action: [App\Http\Controllers\Auth\EmailVerificationPromptController]. {"exception":"[object] (UnexpectedValueException(code: 0): Invalid route action: [App\\Http\\Controllers\\Auth\\EmailVerificationPromptController]. at /home/runner/work/MyBooks/MyBooks/vendor/laravel/framework/src/Illuminate/Routing/RouteAction.php:92)
[stacktrace]
#0 /home/runner/work/MyBooks/MyBooks/vendor/laravel/framework/src/Illuminate/Routing/RouteAction.php(47): Illuminate\\Routing\\RouteAction::makeInvokable()
#1 /home/runner/work/MyBooks/MyBooks/vendor/laravel/framework/src/Illuminate/Routing/Route.php(191): Illuminate\\Routing\\RouteAction::parse()
#2 /home/runner/work/MyBooks/MyBooks/vendor/laravel/framework/src/Illuminate/Routing/Route.php(172): Illuminate\\Routing\\Route->parseAction()
#3 /home/runner/work/MyBooks/MyBooks/vendor/laravel/framework/src/Illuminate/Routing/Router.php(669): Illuminate\\Routing\\Route->__construct()
#4 /home/runner/work/MyBooks/MyBooks/vendor/laravel/framework/src/Illuminate/Routing/Router.php(561): Illuminate\\Routing\\Router->newRoute()
#5 /home/runner/work/MyBooks/MyBooks/vendor/laravel/framework/src/Illuminate/Routing/Router.php(541): Illuminate\\Routing\\Router->createRoute()
#6 /home/runner/work/MyBooks/MyBooks/vendor/laravel/framework/src/Illuminate/Routing/Router.php(159): Illuminate\\Routing\\Router->addRoute()
#7 /home/runner/work/MyBooks/MyBooks/vendor/laravel/framework/src/Illuminate/Support/Facades/Facade.php(355): Illuminate\\Routing\\Router->get()
#8 /home/runner/work/MyBooks/MyBooks/routes/auth.php(39): Illuminate\\Support\\Facades\\Facade::__callStatic()
#9 /home/runner/work/MyBooks/MyBooks/vendor/laravel/framework/src/Illuminate/Routing/Router.php(509): Illuminate\\Routing\\RouteFileRegistrar->{closure}()
#10 /home/runner/work/MyBooks/MyBooks/vendor/laravel/framework/src/Illuminate/Routing/Router.php(465): Illuminate\\Routing\\Router->loadRoutes()
#11 /home/runner/work/MyBooks/MyBooks/vendor/laravel/framework/src/Illuminate/Routing/RouteRegistrar.php(194): Illuminate\\Routing\\Router->group()
#12 /home/runner/work/MyBooks/MyBooks/routes/auth.php(38): Illuminate\\Routing\\RouteRegistrar->group()
#13 /home/runner/work/MyBooks/MyBooks/routes/web.php(31): require('...')
#14 /home/runner/work/MyBooks/MyBooks/vendor/laravel/framework/src/Illuminate/Routing/RouteFileRegistrar.php(35): require('...')
#15 /home/runner/work/MyBooks/MyBooks/vendor/laravel/framework/src/Illuminate/Routing/Router.php(511): Illuminate\\Routing\\RouteFileRegistrar->register()
#16 /home/runner/work/MyBooks/MyBooks/vendor/laravel/framework/src/Illuminate/Routing/Router.php(465): Illuminate\\Routing\\Router->loadRoutes()
#17 /home/runner/work/MyBooks/MyBooks/vendor/laravel/framework/src/Illuminate/Routing/RouteRegistrar.php(194): Illuminate\\Routing\\Router->group()
#18 /home/runner/work/MyBooks/MyBooks/app/Providers/RouteServiceProvider.php(37): Illuminate\\Routing\\RouteRegistrar->group()
#19 /home/runner/work/MyBooks/MyBooks/vendor/laravel/framework/src/Illuminate/Container/BoundMethod.php(36): App\\Providers\\RouteServiceProvider->App\\Providers\\{closure}()
#20 /home/runner/work/MyBooks/MyBooks/vendor/laravel/framework/src/Illuminate/Container/Util.php(41): Illuminate\\Container\\BoundMethod::Illuminate\\Container\\{closure}()
#21 /home/runner/work/MyBooks/MyBooks/vendor/laravel/framework/src/Illuminate/Container/BoundMethod.php(81): Illuminate\\Container\\Util::unwrapIfClosure()
#22 /home/runner/work/MyBooks/MyBooks/vendor/laravel/framework/src/Illuminate/Container/BoundMethod.php(35): Illuminate\\Container\\BoundMethod::callBoundMethod()
#23 /home/runner/work/MyBooks/MyBooks/vendor/laravel/framework/src/Illuminate/Container/Container.php(662): Illuminate\\Container\\BoundMethod::call()
#24 /home/runner/work/MyBooks/MyBooks/vendor/laravel/framework/src/Illuminate/Foundation/Support/Providers/RouteServiceProvider.php(120): Illuminate\\Container\\Container->call()
#25 /home/runner/work/MyBooks/MyBooks/vendor/laravel/framework/src/Illuminate/Foundation/Support/Providers/RouteServiceProvider.php(45): Illuminate\\Foundation\\Support\\Providers\\RouteServiceProvider->loadRoutes()
#26 /home/runner/work/MyBooks/MyBooks/vendor/laravel/framework/src/Illuminate/Container/BoundMethod.php(36): Illuminate\\Foundation\\Support\\Providers\\RouteServiceProvider->Illuminate\\Foundation\\Support\\Providers\\{closure}()
#27 /home/runner/work/MyBooks/MyBooks/vendor/laravel/framework/src/Illuminate/Container/Util.php(41): Illuminate\\Container\\BoundMethod::Illuminate\\Container\\{closure}()
#28 /home/runner/work/MyBooks/MyBooks/vendor/laravel/framework/src/Illuminate/Container/BoundMethod.php(81): Illuminate\\Container\\Util::unwrapIfClosure()
#29 /home/runner/work/MyBooks/MyBooks/vendor/laravel/framework/src/Illuminate/Container/BoundMethod.php(35): Illuminate\\Container\\BoundMethod::callBoundMethod()
#30 /home/runner/work/MyBooks/MyBooks/vendor/laravel/framework/src/Illuminate/Container/Container.php(662): Illuminate\\Container\\BoundMethod::call()
#31 /home/runner/work/MyBooks/MyBooks/vendor/laravel/framework/src/Illuminate/Support/ServiceProvider.php(119): Illuminate\\Container\\Container->call()
#32 /home/runner/work/MyBooks/MyBooks/vendor/laravel/framework/src/Illuminate/Foundation/Application.php(1062): Illuminate\\Support\\ServiceProvider->callBootedCallbacks()
#33 /home/runner/work/MyBooks/MyBooks/vendor/laravel/framework/src/Illuminate/Foundation/Application.php(1040): Illuminate\\Foundation\\Application->bootProvider()
#34 [internal function]: Illuminate\\Foundation\\Application->Illuminate\\Foundation\\{closure}()
#35 /home/runner/work/MyBooks/MyBooks/vendor/laravel/framework/src/Illuminate/Foundation/Application.php(1039): array_walk()
#36 /home/runner/work/MyBooks/MyBooks/vendor/laravel/framework/src/Illuminate/Foundation/Bootstrap/BootProviders.php(17): Illuminate\\Foundation\\Application->boot()
#37 /home/runner/work/MyBooks/MyBooks/vendor/laravel/framework/src/Illuminate/Foundation/Application.php(286): Illuminate\\Foundation\\Bootstrap\\BootProviders->bootstrap()
#38 /home/runner/work/MyBooks/MyBooks/vendor/laravel/framework/src/Illuminate/Foundation/Console/Kernel.php(447): Illuminate\\Foundation\\Application->bootstrapWith()
#39 /home/runner/work/MyBooks/MyBooks/vendor/laravel/framework/src/Illuminate/Foundation/Console/Kernel.php(199): Illuminate\\Foundation\\Console\\Kernel->bootstrap()
#40 /home/runner/work/MyBooks/MyBooks/artisan(34): Illuminate\\Foundation\\Console\\Kernel->handle()
#41 {main}
"} 
[2026-01-08 06:59:33] local.ERROR: Method Illuminate\Foundation\Console\ClosureCommand::hourly does not exist. {"exception":"[object] (BadMethodCallException(code: 0): Method Illuminate\\Foundation\\Console\\ClosureCommand::hourly does not exist. at /home/runner/work/MyBooks/MyBooks/vendor/laravel/framework/src/Illuminate/Macroable/Traits/Macroable.php:112)
[stacktrace]
#0 /home/runner/work/MyBooks/MyBooks/routes/console.php(8): Illuminate\\Console\\Command->__call()
#1 /home/runner/work/MyBooks/MyBooks/app/Console/Kernel.php(25): require('...')
#2 /home/runner/work/MyBooks/MyBooks/vendor/laravel/framework/src/Illuminate/Foundation/Console/Kernel.php(453): App\\Console\\Kernel->commands()
#3 /home/runner/work/MyBooks/MyBooks/vendor/laravel/framework/src/Illuminate/Foundation/Console/Kernel.php(199): Illuminate\\Foundation\\Console\\Kernel->bootstrap()
#4 /home/runner/work/MyBooks/MyBooks/artisan(34): Illuminate\\Foundation\\Console\\Kernel->handle()
#5 {main}
"} 
[2026-01-08 07:00:09] local.ERROR: copy(/home/runner/work/MyBooks/MyBooks/resources/views/app.blade.php): Failed to open stream: No such file or directory {"exception":"[object] (ErrorException(code: 0): copy(/home/runner/work/MyBooks/MyBooks/resources/views/app.blade.php): Failed to open stream: No such file or directory at /home/runner/work/MyBooks/MyBooks/vendor/laravel/breeze/src/Console/InstallsInertiaStacks.php:227)
[stacktrace]
#0 /home/runner/work/MyBooks/MyBooks/vendor/laravel/framework/src/Illuminate/Foundation/Bootstrap/HandleExceptions.php(255): Illuminate\\Foundation\\Bootstrap\\HandleExceptions->handleError()
#1 [internal function]: Illuminate\\Foundation\\Bootstrap\\HandleExceptions->Illuminate\\Foundation\\Bootstrap\\{closure}()
#2 /home/runner/work/MyBooks/MyBooks/vendor/laravel/breeze/src/Console/InstallsInertiaStacks.php(227): copy()
#3 /home/runner/work/MyBooks/MyBooks/vendor/laravel/breeze/src/Console/InstallCommand.php(53): Laravel\\Breeze\\Console\\InstallCommand->installInertiaReactStack()
#4 /home/runner/work/MyBooks/MyBooks/vendor/laravel/framework/src/Illuminate/Container/BoundMethod.php(36): Laravel\\Breeze\\Console\\InstallCommand->handle()
#5 /home/runner/work/MyBooks/MyBooks/vendor/laravel/framework/src/Illuminate/Container/Util.php(41): Illuminate\\Container\\BoundMethod::Illuminate\\Container\\{closure}()
#6 /home/runner/work/MyBooks/MyBooks/vendor/laravel/framework/src/Illuminate/Container/BoundMethod.php(93): Illuminate\\Container\\Util::unwrapIfClosure()
#7 /home/runner/work/MyBooks/MyBooks/vendor/laravel/framework/src/Illuminate/Container/BoundMethod.php(35): Illuminate\\Container\\BoundMethod::callBoundMethod()
#8 /home/runner/work/MyBooks/MyBooks/vendor/laravel/framework/src/Illuminate/Container/Container.php(662): Illuminate\\Container\\BoundMethod::call()
#9 /home/runner/work/MyBooks/MyBooks/vendor/laravel/framework/src/Illuminate/Console/Command.php(211): Illuminate\\Container\\Container->call()
#10 /home/runner/work/MyBooks/MyBooks/vendor/symfony/console/Command/Command.php(326): Illuminate\\Console\\Command->execute()
#11 /home/runner/work/MyBooks/MyBooks/vendor/laravel/framework/src/Illuminate/Console/Command.php(180): Symfony\\Component\\Console\\Command\\Command->run()
#12 /home/runner/work/MyBooks/MyBooks/vendor/symfony/console/Application.php(1106): Illuminate\\Console\\Command->run()
#13 /home/runner/work/MyBooks/MyBooks/vendor/symfony/console/Application.php(324): Symfony\\Component\\Console\\Application->doRunCommand()
#14 /home/runner/work/MyBooks/MyBooks/vendor/symfony/console/Application.php(175): Symfony\\Component\\Console\\Application->doRun()
#15 /home/runner/work/MyBooks/MyBooks/vendor/laravel/framework/src/Illuminate/Foundation/Console/Kernel.php(201): Symfony\\Component\\Console\\Application->run()
#16 /home/runner/work/MyBooks/MyBooks/artisan(34): Illuminate\\Foundation\\Console\\Kernel->handle()
#17 {main}
"} 
